TN:
SF:backend/routes/posts.ts
FN:7,(anonymous_8)
FN:7,(anonymous_9)
FN:32,(anonymous_10)
FN:32,(anonymous_11)
FN:44,(anonymous_12)
FN:44,(anonymous_13)
FN:54,(anonymous_14)
FN:54,(anonymous_15)
FNF:8
FNH:2
FNDA:5,(anonymous_8)
FNDA:5,(anonymous_9)
FNDA:0,(anonymous_10)
FNDA:0,(anonymous_11)
FNDA:0,(anonymous_12)
FNDA:0,(anonymous_13)
FNDA:0,(anonymous_14)
FNDA:0,(anonymous_15)
DA:1,1
DA:2,1
DA:5,1
DA:7,5
DA:8,5
DA:9,5
DA:10,5
DA:24,3
DA:25,3
DA:27,2
DA:28,2
DA:32,1
DA:33,0
DA:34,0
DA:35,0
DA:36,0
DA:37,0
DA:39,0
DA:40,0
DA:44,1
DA:45,0
DA:46,0
DA:47,0
DA:48,0
DA:50,0
DA:54,1
DA:55,0
DA:56,0
DA:57,0
DA:58,0
DA:61,0
DA:62,0
DA:64,0
DA:66,0
DA:67,0
DA:70,0
DA:72,0
DA:74,0
DA:75,0
DA:78,0
DA:79,0
DA:83,1
LF:42
LH:15
BRDA:66,0,0,0
BRDA:66,0,1,0
BRF:2
BRH:0
end_of_record
TN:
SF:backend/src/db.ts
FN:9,(anonymous_17)
FN:9,(anonymous_18)
FNF:2
FNH:2
FNDA:5,(anonymous_17)
FNDA:5,(anonymous_18)
DA:1,1
DA:2,1
DA:3,1
DA:5,1
DA:6,1
DA:7,1
DA:9,5
DA:10,5
DA:18,1
LF:9
LH:9
BRF:0
BRH:0
end_of_record
TN:
SF:backend/src/index.ts
FN:24,(anonymous_1)
FNF:1
FNH:0
FNDA:0,(anonymous_1)
DA:1,0
DA:2,0
DA:3,0
DA:4,0
DA:5,0
DA:7,0
DA:9,0
DA:10,0
DA:16,0
DA:19,0
DA:20,0
DA:23,0
DA:24,0
DA:25,0
LF:14
LH:0
BRDA:23,0,0,0
BRDA:23,0,1,0
BRF:2
BRH:0
end_of_record
