TN:
SF:backend/routes/posts.ts
FN:6,(anonymous_8)
FN:6,(anonymous_9)
FNF:2
FNH:2
FNDA:4,(anonymous_8)
FNDA:4,(anonymous_9)
DA:1,1
DA:2,1
DA:4,1
DA:6,4
DA:7,4
DA:8,4
DA:9,4
DA:19,2
DA:20,2
DA:22,2
DA:23,2
DA:27,1
LF:12
LH:12
BRF:0
BRH:0
end_of_record
TN:
SF:backend/src/db.ts
FN:9,(anonymous_17)
FN:9,(anonymous_18)
FNF:2
FNH:2
FNDA:4,(anonymous_17)
FNDA:4,(anonymous_18)
DA:1,1
DA:2,1
DA:3,1
DA:5,1
DA:6,1
DA:7,1
DA:9,4
DA:10,4
DA:18,1
LF:9
LH:9
BRF:0
BRH:0
end_of_record
TN:
SF:backend/src/index.ts
FN:20,(anonymous_1)
FNF:1
FNH:0
FNDA:0,(anonymous_1)
DA:1,0
DA:2,0
DA:3,0
DA:4,0
DA:6,0
DA:8,0
DA:9,0
DA:15,0
DA:17,0
DA:19,0
DA:20,0
DA:21,0
LF:12
LH:0
BRDA:19,0,0,0
BRDA:19,0,1,0
BRF:2
BRH:0
end_of_record
